<?xml version="1.0" encoding="UTF-8"?>
<coverage generated="1589547808364" clover="3.2.0">
  <project timestamp="1589547808364" name="All files">
    <metrics statements="41" coveredstatements="12" conditionals="16" coveredconditionals="3" methods="15" coveredmethods="3" elements="72" coveredelements="18" complexity="0" loc="41" ncloc="41" packages="7" files="11" classes="11"/>
    <package name="LoginForm">
      <metrics statements="2" coveredstatements="2" conditionals="0" coveredconditionals="0" methods="1" coveredmethods="1"/>
      <file name="App.js" path="/Users/josegarcia/Desktop/Stuff/coding_challenges/jose/CodeChallenges/LoginForm/App.js">
        <metrics statements="2" coveredstatements="2" conditionals="0" coveredconditionals="0" methods="1" coveredmethods="1"/>
        <line num="6" count="2" type="stmt"/>
        <line num="11" count="1" type="stmt"/>
      </file>
    </package>
    <package name="LoginForm.components">
      <metrics statements="5" coveredstatements="2" conditionals="2" coveredconditionals="0" methods="2" coveredmethods="0"/>
      <file name="Input.js" path="/Users/josegarcia/Desktop/Stuff/coding_challenges/jose/CodeChallenges/LoginForm/components/Input.js">
        <metrics statements="2" coveredstatements="1" conditionals="0" coveredconditionals="0" methods="1" coveredmethods="0"/>
        <line num="5" count="1" type="stmt"/>
        <line num="6" count="0" type="stmt"/>
      </file>
      <file name="MainButton.js" path="/Users/josegarcia/Desktop/Stuff/coding_challenges/jose/CodeChallenges/LoginForm/components/MainButton.js">
        <metrics statements="3" coveredstatements="1" conditionals="2" coveredconditionals="0" methods="1" coveredmethods="0"/>
        <line num="6" count="1" type="stmt"/>
        <line num="7" count="0" type="cond" truecount="0" falsecount="2"/>
        <line num="8" count="0" type="stmt"/>
      </file>
    </package>
    <package name="LoginForm.constants">
      <metrics statements="0" coveredstatements="0" conditionals="2" coveredconditionals="1" methods="0" coveredmethods="0"/>
      <file name="colors.js" path="/Users/josegarcia/Desktop/Stuff/coding_challenges/jose/CodeChallenges/LoginForm/constants/colors.js">
        <metrics statements="0" coveredstatements="0" conditionals="0" coveredconditionals="0" methods="0" coveredmethods="0"/>
      </file>
      <file name="default-styles.js" path="/Users/josegarcia/Desktop/Stuff/coding_challenges/jose/CodeChallenges/LoginForm/constants/default-styles.js">
        <metrics statements="0" coveredstatements="0" conditionals="2" coveredconditionals="1" methods="0" coveredmethods="0"/>
      </file>
    </package>
    <package name="LoginForm.data">
      <metrics statements="1" coveredstatements="1" conditionals="0" coveredconditionals="0" methods="0" coveredmethods="0"/>
      <file name="dummy-data.js" path="/Users/josegarcia/Desktop/Stuff/coding_challenges/jose/CodeChallenges/LoginForm/data/dummy-data.js">
        <metrics statements="1" coveredstatements="1" conditionals="0" coveredconditionals="0" methods="0" coveredmethods="0"/>
        <line num="1" count="1" type="stmt"/>
      </file>
    </package>
    <package name="LoginForm.navigation">
      <metrics statements="2" coveredstatements="1" conditionals="8" coveredconditionals="2" methods="0" coveredmethods="0"/>
      <file name="LoginNavigator.js" path="/Users/josegarcia/Desktop/Stuff/coding_challenges/jose/CodeChallenges/LoginForm/navigation/LoginNavigator.js">
        <metrics statements="1" coveredstatements="1" conditionals="4" coveredconditionals="2" methods="0" coveredmethods="0"/>
        <line num="11" count="1" type="stmt"/>
      </file>
      <file name="MainNavigator.js" path="/Users/josegarcia/Desktop/Stuff/coding_challenges/jose/CodeChallenges/LoginForm/navigation/MainNavigator.js">
        <metrics statements="1" coveredstatements="0" conditionals="4" coveredconditionals="0" methods="0" coveredmethods="0"/>
        <line num="8" count="0" type="stmt"/>
      </file>
    </package>
    <package name="LoginForm.screens">
      <metrics statements="3" coveredstatements="3" conditionals="0" coveredconditionals="0" methods="1" coveredmethods="1"/>
      <file name="HomeScreen.js" path="/Users/josegarcia/Desktop/Stuff/coding_challenges/jose/CodeChallenges/LoginForm/screens/HomeScreen.js">
        <metrics statements="3" coveredstatements="3" conditionals="0" coveredconditionals="0" methods="1" coveredmethods="1"/>
        <line num="4" count="2" type="stmt"/>
        <line num="6" count="1" type="stmt"/>
        <line num="7" count="1" type="stmt"/>
      </file>
    </package>
    <package name="LoginForm.screens.login_flow">
      <metrics statements="28" coveredstatements="3" conditionals="4" coveredconditionals="0" methods="11" coveredmethods="1"/>
      <file name="LoginFormScreen.js" path="/Users/josegarcia/Desktop/Stuff/coding_challenges/jose/CodeChallenges/LoginForm/screens/login_flow/LoginFormScreen.js">
        <metrics statements="25" coveredstatements="1" conditionals="4" coveredconditionals="0" methods="9" coveredmethods="0"/>
        <line num="8" count="1" type="stmt"/>
        <line num="9" count="0" type="stmt"/>
        <line num="10" count="0" type="stmt"/>
        <line num="12" count="0" type="stmt"/>
        <line num="13" count="0" type="stmt"/>
        <line num="16" count="0" type="stmt"/>
        <line num="17" count="0" type="stmt"/>
        <line num="20" count="0" type="stmt"/>
        <line num="21" count="0" type="stmt"/>
        <line num="22" count="0" type="stmt"/>
        <line num="25" count="0" type="stmt"/>
        <line num="26" count="0" type="cond" truecount="0" falsecount="2"/>
        <line num="27" count="0" type="cond" truecount="0" falsecount="2"/>
        <line num="28" count="0" type="stmt"/>
        <line num="29" count="0" type="stmt"/>
        <line num="32" count="0" type="stmt"/>
        <line num="35" count="0" type="stmt"/>
        <line num="36" count="0" type="stmt"/>
        <line num="39" count="0" type="stmt"/>
        <line num="40" count="0" type="stmt"/>
        <line num="43" count="0" type="stmt"/>
        <line num="44" count="0" type="stmt"/>
        <line num="51" count="0" type="stmt"/>
        <line num="52" count="0" type="stmt"/>
        <line num="61" count="0" type="stmt"/>
      </file>
      <file name="LoginScreen.js" path="/Users/josegarcia/Desktop/Stuff/coding_challenges/jose/CodeChallenges/LoginForm/screens/login_flow/LoginScreen.js">
        <metrics statements="3" coveredstatements="2" conditionals="0" coveredconditionals="0" methods="2" coveredmethods="1"/>
        <line num="4" count="1" type="stmt"/>
        <line num="5" count="2" type="stmt"/>
        <line num="10" count="0" type="stmt"/>
      </file>
    </package>
  </project>
</coverage>
