{"/Users/josegarcia/Desktop/Stuff/coding_challenges/jose/CodeChallenges/LoginForm/App.js": {"path":"/Users/josegarcia/Desktop/Stuff/coding_challenges/jose/CodeChallenges/LoginForm/App.js","statementMap":{"0":{"start":{"line":6,"column":2},"end":{"line":8,"column":4}},"1":{"start":{"line":11,"column":15},"end":{"line":18,"column":2}}},"fnMap":{"0":{"name":"App","decl":{"start":{"line":5,"column":24},"end":{"line":5,"column":27}},"loc":{"start":{"line":5,"column":30},"end":{"line":9,"column":1}},"line":5}},"branchMap":{},"s":{"0":2,"1":1},"f":{"0":2},"b":{},"_coverageSchema":"43e27e138ebf9cfc5966b082cf9a028302ed4184","hash":"89bcfd444aedd65c2e0a63037cbf18a12dbae734"}
,"/Users/josegarcia/Desktop/Stuff/coding_challenges/jose/CodeChallenges/LoginForm/components/Input.js": {"path":"/Users/josegarcia/Desktop/Stuff/coding_challenges/jose/CodeChallenges/LoginForm/components/Input.js","statementMap":{"0":{"start":{"line":5,"column":14},"end":{"line":7,"column":1}},"1":{"start":{"line":6,"column":4},"end":{"line":6,"column":87}}},"fnMap":{"0":{"name":"(anonymous_0)","decl":{"start":{"line":5,"column":14},"end":{"line":5,"column":15}},"loc":{"start":{"line":5,"column":23},"end":{"line":7,"column":1}},"line":5}},"branchMap":{},"s":{"0":1,"1":0},"f":{"0":0},"b":{},"_coverageSchema":"43e27e138ebf9cfc5966b082cf9a028302ed4184","hash":"d7cf42841c7a5478958ac40dbba4fb59c8e735f3"}
,"/Users/josegarcia/Desktop/Stuff/coding_challenges/jose/CodeChallenges/LoginForm/components/MainButton.js": {"path":"/Users/josegarcia/Desktop/Stuff/coding_challenges/jose/CodeChallenges/LoginForm/components/MainButton.js","statementMap":{"0":{"start":{"line":6,"column":19},"end":{"line":15,"column":1}},"1":{"start":{"line":7,"column":28},"end":{"line":7,"column":98}},"2":{"start":{"line":8,"column":4},"end":{"line":14,"column":6}}},"fnMap":{"0":{"name":"(anonymous_0)","decl":{"start":{"line":6,"column":19},"end":{"line":6,"column":20}},"loc":{"start":{"line":6,"column":28},"end":{"line":15,"column":1}},"line":6}},"branchMap":{"0":{"loc":{"start":{"line":7,"column":28},"end":{"line":7,"column":98}},"type":"cond-expr","locations":[{"start":{"line":7,"column":56},"end":{"line":7,"column":79}},{"start":{"line":7,"column":82},"end":{"line":7,"column":98}}],"line":7}},"s":{"0":1,"1":0,"2":0},"f":{"0":0},"b":{"0":[0,0]},"_coverageSchema":"43e27e138ebf9cfc5966b082cf9a028302ed4184","hash":"d2f8ce5b5d3bfbde77a99636b195ee5cdb0fb66d"}
,"/Users/josegarcia/Desktop/Stuff/coding_challenges/jose/CodeChallenges/LoginForm/constants/colors.js": {"path":"/Users/josegarcia/Desktop/Stuff/coding_challenges/jose/CodeChallenges/LoginForm/constants/colors.js","statementMap":{},"fnMap":{},"branchMap":{},"s":{},"f":{},"b":{},"_coverageSchema":"43e27e138ebf9cfc5966b082cf9a028302ed4184","hash":"25e1e11fcc4925d3a0f941e989f347c44771ba8d"}
,"/Users/josegarcia/Desktop/Stuff/coding_challenges/jose/CodeChallenges/LoginForm/constants/default-styles.js": {"path":"/Users/josegarcia/Desktop/Stuff/coding_challenges/jose/CodeChallenges/LoginForm/constants/default-styles.js","statementMap":{},"fnMap":{},"branchMap":{"0":{"loc":{"start":{"line":13,"column":15},"end":{"line":13,"column":67}},"type":"cond-expr","locations":[{"start":{"line":13,"column":43},"end":{"line":13,"column":50}},{"start":{"line":13,"column":53},"end":{"line":13,"column":67}}],"line":13}},"s":{},"f":{},"b":{"0":[0,1]},"_coverageSchema":"43e27e138ebf9cfc5966b082cf9a028302ed4184","hash":"4aed8a839487daf31df8436e3f12ee3c821330f5"}
,"/Users/josegarcia/Desktop/Stuff/coding_challenges/jose/CodeChallenges/LoginForm/data/dummy-data.js": {"path":"/Users/josegarcia/Desktop/Stuff/coding_challenges/jose/CodeChallenges/LoginForm/data/dummy-data.js","statementMap":{"0":{"start":{"line":1,"column":21},"end":{"line":6,"column":1}}},"fnMap":{},"branchMap":{},"s":{"0":1},"f":{},"b":{},"_coverageSchema":"43e27e138ebf9cfc5966b082cf9a028302ed4184","hash":"734415704e78ef01c42ed3f96097d905e065fa89"}
,"/Users/josegarcia/Desktop/Stuff/coding_challenges/jose/CodeChallenges/LoginForm/navigation/LoginNavigator.js": {"path":"/Users/josegarcia/Desktop/Stuff/coding_challenges/jose/CodeChallenges/LoginForm/navigation/LoginNavigator.js","statementMap":{"0":{"start":{"line":11,"column":23},"end":{"line":26,"column":1}}},"fnMap":{},"branchMap":{"0":{"loc":{"start":{"line":21,"column":33},"end":{"line":21,"column":85}},"type":"cond-expr","locations":[{"start":{"line":21,"column":61},"end":{"line":21,"column":75}},{"start":{"line":21,"column":78},"end":{"line":21,"column":85}}],"line":21},"1":{"loc":{"start":{"line":23,"column":29},"end":{"line":23,"column":81}},"type":"cond-expr","locations":[{"start":{"line":23,"column":57},"end":{"line":23,"column":64}},{"start":{"line":23,"column":67},"end":{"line":23,"column":81}}],"line":23}},"s":{"0":1},"f":{},"b":{"0":[0,1],"1":[0,1]},"_coverageSchema":"43e27e138ebf9cfc5966b082cf9a028302ed4184","hash":"82965da533af6c76168c11be5e8db862f338ed31"}
,"/Users/josegarcia/Desktop/Stuff/coding_challenges/jose/CodeChallenges/LoginForm/navigation/MainNavigator.js": {"path":"/Users/josegarcia/Desktop/Stuff/coding_challenges/jose/CodeChallenges/LoginForm/navigation/MainNavigator.js","statementMap":{"0":{"start":{"line":8,"column":22},"end":{"line":20,"column":1}}},"fnMap":{},"branchMap":{"0":{"loc":{"start":{"line":15,"column":33},"end":{"line":15,"column":85}},"type":"cond-expr","locations":[{"start":{"line":15,"column":61},"end":{"line":15,"column":75}},{"start":{"line":15,"column":78},"end":{"line":15,"column":85}}],"line":15},"1":{"loc":{"start":{"line":17,"column":29},"end":{"line":17,"column":81}},"type":"cond-expr","locations":[{"start":{"line":17,"column":57},"end":{"line":17,"column":64}},{"start":{"line":17,"column":67},"end":{"line":17,"column":81}}],"line":17}},"s":{"0":0},"f":{},"b":{"0":[0,0],"1":[0,0]},"hash":"11f580e4614ea698068deff43990b9a5f45d737b"}
,"/Users/josegarcia/Desktop/Stuff/coding_challenges/jose/CodeChallenges/LoginForm/screens/HomeScreen.js": {"path":"/Users/josegarcia/Desktop/Stuff/coding_challenges/jose/CodeChallenges/LoginForm/screens/HomeScreen.js","statementMap":{"0":{"start":{"line":4,"column":19},"end":{"line":12,"column":1}},"1":{"start":{"line":6,"column":19},"end":{"line":6,"column":33}},"2":{"start":{"line":7,"column":4},"end":{"line":11,"column":6}}},"fnMap":{"0":{"name":"(anonymous_0)","decl":{"start":{"line":4,"column":19},"end":{"line":4,"column":20}},"loc":{"start":{"line":4,"column":28},"end":{"line":12,"column":1}},"line":4}},"branchMap":{},"s":{"0":2,"1":1,"2":1},"f":{"0":1},"b":{},"_coverageSchema":"43e27e138ebf9cfc5966b082cf9a028302ed4184","hash":"3d5dcb76a070ba11c4a0087d0bfcfbbb716ac7ca"}
,"/Users/josegarcia/Desktop/Stuff/coding_challenges/jose/CodeChallenges/LoginForm/screens/login_flow/LoginFormScreen.js": {"path":"/Users/josegarcia/Desktop/Stuff/coding_challenges/jose/CodeChallenges/LoginForm/screens/login_flow/LoginFormScreen.js","statementMap":{"0":{"start":{"line":8,"column":24},"end":{"line":84,"column":1}},"1":{"start":{"line":9,"column":36},"end":{"line":9,"column":48}},"2":{"start":{"line":10,"column":36},"end":{"line":10,"column":48}},"3":{"start":{"line":12,"column":33},"end":{"line":14,"column":5}},"4":{"start":{"line":13,"column":8},"end":{"line":13,"column":39}},"5":{"start":{"line":16,"column":33},"end":{"line":18,"column":5}},"6":{"start":{"line":17,"column":8},"end":{"line":17,"column":39}},"7":{"start":{"line":20,"column":30},"end":{"line":23,"column":5}},"8":{"start":{"line":21,"column":8},"end":{"line":21,"column":23}},"9":{"start":{"line":22,"column":8},"end":{"line":22,"column":23}},"10":{"start":{"line":25,"column":25},"end":{"line":33,"column":5}},"11":{"start":{"line":26,"column":8},"end":{"line":31,"column":9}},"12":{"start":{"line":27,"column":12},"end":{"line":30,"column":13}},"13":{"start":{"line":28,"column":16},"end":{"line":28,"column":33}},"14":{"start":{"line":29,"column":16},"end":{"line":29,"column":23}},"15":{"start":{"line":32,"column":8},"end":{"line":32,"column":28}},"16":{"start":{"line":35,"column":30},"end":{"line":37,"column":5}},"17":{"start":{"line":36,"column":8},"end":{"line":36,"column":44}},"18":{"start":{"line":39,"column":33},"end":{"line":41,"column":5}},"19":{"start":{"line":40,"column":8},"end":{"line":40,"column":43}},"20":{"start":{"line":43,"column":30},"end":{"line":49,"column":5}},"21":{"start":{"line":44,"column":8},"end":{"line":48,"column":10}},"22":{"start":{"line":51,"column":27},"end":{"line":59,"column":5}},"23":{"start":{"line":52,"column":8},"end":{"line":58,"column":10}},"24":{"start":{"line":61,"column":4},"end":{"line":83,"column":5}}},"fnMap":{"0":{"name":"(anonymous_0)","decl":{"start":{"line":8,"column":24},"end":{"line":8,"column":25}},"loc":{"start":{"line":8,"column":33},"end":{"line":84,"column":1}},"line":8},"1":{"name":"(anonymous_1)","decl":{"start":{"line":12,"column":33},"end":{"line":12,"column":34}},"loc":{"start":{"line":12,"column":54},"end":{"line":14,"column":5}},"line":12},"2":{"name":"(anonymous_2)","decl":{"start":{"line":16,"column":33},"end":{"line":16,"column":34}},"loc":{"start":{"line":16,"column":54},"end":{"line":18,"column":5}},"line":16},"3":{"name":"(anonymous_3)","decl":{"start":{"line":20,"column":30},"end":{"line":20,"column":31}},"loc":{"start":{"line":20,"column":36},"end":{"line":23,"column":5}},"line":20},"4":{"name":"(anonymous_4)","decl":{"start":{"line":25,"column":25},"end":{"line":25,"column":26}},"loc":{"start":{"line":25,"column":31},"end":{"line":33,"column":5}},"line":25},"5":{"name":"(anonymous_5)","decl":{"start":{"line":35,"column":30},"end":{"line":35,"column":31}},"loc":{"start":{"line":35,"column":36},"end":{"line":37,"column":5}},"line":35},"6":{"name":"(anonymous_6)","decl":{"start":{"line":39,"column":33},"end":{"line":39,"column":34}},"loc":{"start":{"line":39,"column":39},"end":{"line":41,"column":5}},"line":39},"7":{"name":"(anonymous_7)","decl":{"start":{"line":43,"column":30},"end":{"line":43,"column":31}},"loc":{"start":{"line":43,"column":36},"end":{"line":49,"column":5}},"line":43},"8":{"name":"(anonymous_8)","decl":{"start":{"line":51,"column":27},"end":{"line":51,"column":28}},"loc":{"start":{"line":51,"column":33},"end":{"line":59,"column":5}},"line":51}},"branchMap":{"0":{"loc":{"start":{"line":26,"column":8},"end":{"line":31,"column":9}},"type":"if","locations":[{"start":{"line":26,"column":8},"end":{"line":31,"column":9}},{"start":{"line":26,"column":8},"end":{"line":31,"column":9}}],"line":26},"1":{"loc":{"start":{"line":27,"column":12},"end":{"line":30,"column":13}},"type":"if","locations":[{"start":{"line":27,"column":12},"end":{"line":30,"column":13}},{"start":{"line":27,"column":12},"end":{"line":30,"column":13}}],"line":27}},"s":{"0":1,"1":0,"2":0,"3":0,"4":0,"5":0,"6":0,"7":0,"8":0,"9":0,"10":0,"11":0,"12":0,"13":0,"14":0,"15":0,"16":0,"17":0,"18":0,"19":0,"20":0,"21":0,"22":0,"23":0,"24":0},"f":{"0":0,"1":0,"2":0,"3":0,"4":0,"5":0,"6":0,"7":0,"8":0},"b":{"0":[0,0],"1":[0,0]},"_coverageSchema":"43e27e138ebf9cfc5966b082cf9a028302ed4184","hash":"a1c27cde83364532b54ab32f8bdca7aea4cd0c4f"}
,"/Users/josegarcia/Desktop/Stuff/coding_challenges/jose/CodeChallenges/LoginForm/screens/login_flow/LoginScreen.js": {"path":"/Users/josegarcia/Desktop/Stuff/coding_challenges/jose/CodeChallenges/LoginForm/screens/login_flow/LoginScreen.js","statementMap":{"0":{"start":{"line":4,"column":20},"end":{"line":15,"column":1}},"1":{"start":{"line":5,"column":4},"end":{"line":14,"column":5}},"2":{"start":{"line":10,"column":20},"end":{"line":10,"column":58}}},"fnMap":{"0":{"name":"(anonymous_0)","decl":{"start":{"line":4,"column":20},"end":{"line":4,"column":21}},"loc":{"start":{"line":4,"column":29},"end":{"line":15,"column":1}},"line":4},"1":{"name":"(anonymous_1)","decl":{"start":{"line":9,"column":25},"end":{"line":9,"column":26}},"loc":{"start":{"line":9,"column":31},"end":{"line":11,"column":17}},"line":9}},"branchMap":{},"s":{"0":1,"1":2,"2":0},"f":{"0":2,"1":0},"b":{},"_coverageSchema":"43e27e138ebf9cfc5966b082cf9a028302ed4184","hash":"856413ee497ef72548755edb9a788adc4ecc662d"}
}
