TN:
SF:/Users/josegarcia/Desktop/Stuff/coding_challenges/jose/CodeChallenges/LoginForm/App.js
FN:5,App
FNF:1
FNH:1
FNDA:2,App
DA:6,2
DA:11,1
LF:2
LH:2
BRF:0
BRH:0
end_of_record
TN:
SF:/Users/josegarcia/Desktop/Stuff/coding_challenges/jose/CodeChallenges/LoginForm/components/Input.js
FN:5,(anonymous_0)
FNF:1
FNH:0
FNDA:0,(anonymous_0)
DA:5,1
DA:6,0
LF:2
LH:1
BRF:0
BRH:0
end_of_record
TN:
SF:/Users/josegarcia/Desktop/Stuff/coding_challenges/jose/CodeChallenges/LoginForm/components/MainButton.js
FN:6,(anonymous_0)
FNF:1
FNH:0
FNDA:0,(anonymous_0)
DA:6,1
DA:7,0
DA:8,0
LF:3
LH:1
BRDA:7,0,0,0
BRDA:7,0,1,0
BRF:2
BRH:0
end_of_record
TN:
SF:/Users/josegarcia/Desktop/Stuff/coding_challenges/jose/CodeChallenges/LoginForm/constants/colors.js
FNF:0
FNH:0
LF:0
LH:0
BRF:0
BRH:0
end_of_record
TN:
SF:/Users/josegarcia/Desktop/Stuff/coding_challenges/jose/CodeChallenges/LoginForm/constants/default-styles.js
FNF:0
FNH:0
LF:0
LH:0
BRDA:13,0,0,0
BRDA:13,0,1,1
BRF:2
BRH:1
end_of_record
TN:
SF:/Users/josegarcia/Desktop/Stuff/coding_challenges/jose/CodeChallenges/LoginForm/data/dummy-data.js
FNF:0
FNH:0
DA:1,1
LF:1
LH:1
BRF:0
BRH:0
end_of_record
TN:
SF:/Users/josegarcia/Desktop/Stuff/coding_challenges/jose/CodeChallenges/LoginForm/navigation/LoginNavigator.js
FNF:0
FNH:0
DA:11,1
LF:1
LH:1
BRDA:21,0,0,0
BRDA:21,0,1,1
BRDA:23,1,0,0
BRDA:23,1,1,1
BRF:4
BRH:2
end_of_record
TN:
SF:/Users/josegarcia/Desktop/Stuff/coding_challenges/jose/CodeChallenges/LoginForm/navigation/MainNavigator.js
FNF:0
FNH:0
DA:8,0
LF:1
LH:0
BRDA:15,0,0,0
BRDA:15,0,1,0
BRDA:17,1,0,0
BRDA:17,1,1,0
BRF:4
BRH:0
end_of_record
TN:
SF:/Users/josegarcia/Desktop/Stuff/coding_challenges/jose/CodeChallenges/LoginForm/screens/HomeScreen.js
FN:4,(anonymous_0)
FNF:1
FNH:1
FNDA:1,(anonymous_0)
DA:4,2
DA:6,1
DA:7,1
LF:3
LH:3
BRF:0
BRH:0
end_of_record
TN:
SF:/Users/josegarcia/Desktop/Stuff/coding_challenges/jose/CodeChallenges/LoginForm/screens/login_flow/LoginFormScreen.js
FN:8,(anonymous_0)
FN:12,(anonymous_1)
FN:16,(anonymous_2)
FN:20,(anonymous_3)
FN:25,(anonymous_4)
FN:35,(anonymous_5)
FN:39,(anonymous_6)
FN:43,(anonymous_7)
FN:51,(anonymous_8)
FNF:9
FNH:0
FNDA:0,(anonymous_0)
FNDA:0,(anonymous_1)
FNDA:0,(anonymous_2)
FNDA:0,(anonymous_3)
FNDA:0,(anonymous_4)
FNDA:0,(anonymous_5)
FNDA:0,(anonymous_6)
FNDA:0,(anonymous_7)
FNDA:0,(anonymous_8)
DA:8,1
DA:9,0
DA:10,0
DA:12,0
DA:13,0
DA:16,0
DA:17,0
DA:20,0
DA:21,0
DA:22,0
DA:25,0
DA:26,0
DA:27,0
DA:28,0
DA:29,0
DA:32,0
DA:35,0
DA:36,0
DA:39,0
DA:40,0
DA:43,0
DA:44,0
DA:51,0
DA:52,0
DA:61,0
LF:25
LH:1
BRDA:26,0,0,0
BRDA:26,0,1,0
BRDA:27,1,0,0
BRDA:27,1,1,0
BRF:4
BRH:0
end_of_record
TN:
SF:/Users/josegarcia/Desktop/Stuff/coding_challenges/jose/CodeChallenges/LoginForm/screens/login_flow/LoginScreen.js
FN:4,(anonymous_0)
FN:9,(anonymous_1)
FNF:2
FNH:1
FNDA:2,(anonymous_0)
FNDA:0,(anonymous_1)
DA:4,1
DA:5,2
DA:10,0
LF:3
LH:2
BRF:0
BRH:0
end_of_record
